#
# A fatal error has been detected by the Java Runtime Environment:
#
#  EXCEPTION_ACCESS_VIOLATION (0xc0000005) at pc=0x0000000070bd2a16, pid=11756, tid=3756
#
# JRE version: Java(TM) SE Runtime Environment (17.0.1+12) (build 17.0.1+12-LTS-39)
# Java VM: Java HotSpot(TM) 64-Bit Server VM (17.0.1+12-LTS-39, mixed mode, sharing, tiered, compressed oops, compressed class ptrs, g1 gc, windows-amd64)
# Problematic frame:
# C  0x0000000070bd2a16
#
# No core dump will be written. Minidumps are not enabled by default on client versions of Windows
#
# If you would like to submit a bug report, please visit:
#   https://bugreport.java.com/bugreport/crash.jsp
# The crash happened outside the Java Virtual Machine in native code.
# See problematic frame for where to report the bug.
#

---------------  S U M M A R Y ------------

Command Line: -javaagent:C:\Program Files\JetBrains\IntelliJ IDEA Community Edition 2021.3\lib\idea_rt.jar=5010:C:\Program Files\JetBrains\IntelliJ IDEA Community Edition 2021.3\bin -Dfile.encoding=UTF-8 --module-path=C:\Users\Administrator\.m2\repository\org\controlsfx\controlsfx\11.1.1\controlsfx-11.1.1.jar;C:\Users\Administrator\.m2\repository\org\openjfx\javafx-fxml\17.0.1\javafx-fxml-17.0.1-win.jar;C:\Users\Administrator\.m2\repository\org\openjfx\javafx-graphics\17.0.1\javafx-graphics-17.0.1-win.jar;D:\softwareDev\iDebug\target\classes;C:\Users\Administrator\.m2\repository\org\openjfx\javafx-controls\17.0.1\javafx-controls-17.0.1-win.jar;C:\Users\Administrator\.m2\repository\com\google\code\gson\gson\2.9.0\gson-2.9.0.jar;C:\Users\Administrator\.m2\repository\org\kordamp\bootstrapfx\bootstrapfx-core\0.4.0\bootstrapfx-core-0.4.0.jar;C:\Users\Administrator\.m2\repository\org\openjfx\javafx-base\17.0.1\javafx-base-17.0.1-win.jar -Djdk.module.main=com.iDebug.pickloose com.iDebug.pickloose/com.iDebug.pickloose.Application

Host: Intel(R) Core(TM) i5-7200U CPU @ 2.50GHz, 4 cores, 7G,  Windows 10 , 64 bit Build 19041 (10.0.19041.1645)
Time: Wed May 11 19:13:00 2022 Bangladesh Standard Time elapsed time: 11.340777 seconds (0d 0h 0m 11s)

---------------  T H R E A D  ---------------

Current thread (0x00000240c5294d20):  JavaThread "Thread-25" daemon [_thread_in_native, id=3756, stack(0x000000f25fb00000,0x000000f25fc00000)]

Stack: [0x000000f25fb00000,0x000000f25fc00000],  sp=0x000000f25fbfed60,  free space=1019k
Native frames: (J=compiled Java code, j=interpreted, Vv=VM code, C=native code)
C  0x0000000070bd2a16

Java frames: (J=compiled Java code, j=interpreted, Vv=VM code)
j  org.sqlite.core.NativeDB.column_int(JI)I+0
j  org.sqlite.jdbc3.JDBC3ResultSet.getInt(I)I+18
j  com.iDebug.pickloose.network.server.Manager.hostAssigned()Z+9 com.iDebug.pickloose
j  com.iDebug.pickloose.network.server.MakeHostDispatcher.dispatch(Lcom/iDebug/pickloose/network/Request;Ljava/net/Socket;)V+3 com.iDebug.pickloose
j  com.iDebug.pickloose.network.server.ServerDispatcher.dispatch(Lcom/iDebug/pickloose/network/Request;)V+150 com.iDebug.pickloose
j  com.iDebug.pickloose.network.server.ServerDispatcher.run()V+8 com.iDebug.pickloose
v  ~StubRoutines::call_stub

siginfo: EXCEPTION_ACCESS_VIOLATION (0xc0000005), reading address 0x00000240cacf4dd8


Register to memory mapping:

RIP=0x0000000070bd2a16 points into unknown readable memory: 48 8b
RAX=0x0000000070c78860 points into unknown readable memory: 0x0000000000000000 | 00 00 00 00 00 00 00 00
RBX=0x0 is NULL
RCX=0x00000240cacf4dd8 points into unknown readable memory: 0x0000000000000000 | 00 00 00 00 00 00 00 00
RDX=0x0 is NULL
RSP=0x000000f25fbfed60 is pointing into the stack for thread: 0x00000240c5294d20
RBP=0x000000f25fbfee80 is pointing into the stack for thread: 0x00000240c5294d20
RSI=0x00000240cacf4dd8 points into unknown readable memory: 0x0000000000000000 | 00 00 00 00 00 00 00 00
RDI=
[error occurred during error reporting (printing register info), id 0xc0000005, EXCEPTION_ACCESS_VIOLATION (0xc0000005) at pc=0x00007ffc20c4ef56]

Registers:
RAX=0x0000000070c78860, RBX=0x0000000000000000, RCX=0x00000240cacf4dd8, RDX=0x0000000000000000
RSP=0x000000f25fbfed60, RBP=0x000000f25fbfee80, RSI=0x00000240cacf4dd8, RDI=0x00000000897af528
R8 =0x00000240cacf4dd8, R9 =0x0000000000000000, R10=0x00000240adf4e096, R11=0x0000000000000121
R12=0x0000000000000000, R13=0x00000240cb4e5d80, R14=0x000000f25fbfeeb8, R15=0x00000240c5294d20
RIP=0x0000000070bd2a16, EFLAGS=0x0000000000010206

Top of Stack: (sp=0x000000f25fbfed60)
0x000000f25fbfed60:   00000240c5294d20 000000f25fbfeeb8
0x000000f25fbfed70:   00000240cb4e5d80 0000000000000000
0x000000f25fbfed80:   00000240c5294d20 00000240cacf4dd8
0x000000f25fbfed90:   00000000897af4e0 0000000070bd2a71
0x000000f25fbfeda0:   00000240c5c77a00 0000024000000002
0x000000f25fbfedb0:   00000240c5d4ddc0 000000f25fbfee28
0x000000f25fbfedc0:   00000240c5d4d3c0 00007ffc20cfd180
0x000000f25fbfedd0:   00000240cb4e5d80 00000240adf4e0c5
0x000000f25fbfede0:   00000240cb64cc20 000000f25fbfee38
0x000000f25fbfedf0:   00000000897af528 00000240adf4de24
0x000000f25fbfee00:   00000240cb4e5d80 000000f25fbfee80
0x000000f25fbfee10:   00000000897af4e0 000000f25fbfee30
0x000000f25fbfee20:   00000240adf4ddcb 0000000000000003
0x000000f25fbfee30:   00000000897ae440 000000f25fbfee28
0x000000f25fbfee40:   00000240cb4e5d80 000000f25fbfeeb8
0x000000f25fbfee50:   00000240cb63a390 0000000000000000 

Instructions: (pc=0x0000000070bd2a16)
0x0000000070bd2916:   fa 63 48 89 ce 75 4c 48 8b 19 48 8b 4b 18 e8 f0
0x0000000070bd2926:   16 ff ff 48 8d 44 24 2c 48 89 f2 48 89 d9 c7 44
0x0000000070bd2936:   24 2c 00 00 00 00 48 89 83 e0 02 00 00 e8 a8 fe
0x0000000070bd2946:   ff ff 48 89 d9 48 89 f2 e8 f4 a6 ff ff 48 8b 4b
0x0000000070bd2956:   18 48 c7 83 e0 02 00 00 00 00 00 00 e8 ce 16 ff
0x0000000070bd2966:   ff eb 20 48 63 d2 45 85 c0 48 8d 04 91 8b 90 ec
0x0000000070bd2976:   00 00 00 89 54 24 2c 74 0a c7 80 ec 00 00 00 00
0x0000000070bd2986:   00 00 00 8b 44 24 2c 48 83 c4 38 5b 5e c3 55 57
0x0000000070bd2996:   56 53 48 83 ec 28 8d 42 ff 89 d7 44 89 c5 44 89
0x0000000070bd29a6:   ce 83 f8 01 77 49 48 8b 19 44 89 ca 48 89 d9 e8
0x0000000070bd29b6:   ff d7 ff ff 44 8d 4e 01 48 89 d9 44 89 ca e8 fb
0x0000000070bd29c6:   2e ff ff 80 38 b2 75 0b 44 89 ca 48 89 d9 e8 e0
0x0000000070bd29d6:   d7 ff ff 83 ff 02 75 17 89 f2 48 89 d9 e8 dc 2e
0x0000000070bd29e6:   ff ff c6 00 48 c7 40 04 01 00 00 00 89 68 08 48
0x0000000070bd29f6:   83 c4 28 5b 5e 5f 5d c3 56 53 48 83 ec 28 48 8d
0x0000000070bd2a06:   05 55 5e 0a 00 48 85 c9 48 89 ce 48 63 da 74 47
0x0000000070bd2a16:   48 8b 01 48 8b 48 18 e8 f7 15 ff ff 48 8b 86 a0
0x0000000070bd2a26:   00 00 00 48 85 c0 74 1b 0f b7 96 c0 00 00 00 39
0x0000000070bd2a36:   da 7e 10 89 da 83 ea 00 78 09 48 6b db 38 48 01
0x0000000070bd2a46:   d8 eb 14 48 8b 0e ba 19 00 00 00 e8 c8 b6 ff ff
0x0000000070bd2a56:   48 8d 05 03 5e 0a 00 48 83 c4 28 5b 5e c3 53 48
0x0000000070bd2a66:   83 ec 30 48 89 cb e8 8d ff ff ff 48 89 c1 e8 35
0x0000000070bd2a76:   bf ff ff 48 89 d9 48 89 44 24 28 e8 38 f9 ff ff
0x0000000070bd2a86:   48 8b 44 24 28 48 83 c4 30 5b c3 53 48 83 ec 30
0x0000000070bd2a96:   48 89 cb e8 60 ff ff ff 48 89 c1 e8 08 bf ff ff
0x0000000070bd2aa6:   48 89 d9 48 89 44 24 28 e8 0b f9 ff ff 48 8b 44
0x0000000070bd2ab6:   24 28 48 83 c4 30 5b c3 53 48 83 ec 30 48 89 cb
0x0000000070bd2ac6:   e8 33 ff ff ff 8b 50 08 f6 c6 08 74 0a 80 e6 f7
0x0000000070bd2ad6:   80 ce 10 66 89 50 08 48 89 d9 48 89 44 24 28 e8
0x0000000070bd2ae6:   d4 f8 ff ff 48 8b 44 24 28 48 83 c4 30 5b c3 56
0x0000000070bd2af6:   53 48 83 ec 28 48 89 cb e8 fb fe ff ff 8b 40 08
0x0000000070bd2b06:   48 8d 15 13 74 0a 00 48 89 d9 83 e0 3f 0f b6 34 


Stack slot to memory mapping:
stack at sp + 0 slots: 0x00000240c5294d20 is a thread
stack at sp + 1 slots: 0x000000f25fbfeeb8 is pointing into the stack for thread: 0x00000240c5294d20
stack at sp + 2 slots: {method} {0x00000240cb4e5d88} 'column_int' '(JI)I' in 'org/sqlite/core/NativeDB'
stack at sp + 3 slots: 0x0 is NULL
stack at sp + 4 slots: 0x00000240c5294d20 is a thread
stack at sp + 5 slots: 0x00000240cacf4dd8 points into unknown readable memory: 0x0000000000000000 | 00 00 00 00 00 00 00 00
stack at sp + 6 slots: 
[error occurred during error reporting (inspecting top of stack), id 0xc0000005, EXCEPTION_ACCESS_VIOLATION (0xc0000005) at pc=0x00007ffc20c4ef56]


---------------  P R O C E S S  ---------------

Threads class SMR info:
_java_thread_list=0x00000240c5fa5560, length=27, elements={
0x00000240a672e280, 0x00000240c3e736a0, 0x00000240c3e74420, 0x00000240c3e864c0,
0x00000240c3e89da0, 0x00000240c3e8a660, 0x00000240c3e8af20, 0x00000240c3e8bbc0,
0x00000240c3e8dd20, 0x00000240c3ea7210, 0x00000240c3e5dc50, 0x00000240c507abb0,
0x00000240c4b38740, 0x00000240c516da70, 0x00000240c54028b0, 0x00000240c5405d80,
0x00000240c499ec80, 0x00000240c56cb030, 0x00000240c5a4fa80, 0x00000240c5c38b50,
0x00000240c5c369a0, 0x00000240c5c36e70, 0x00000240c5c37810, 0x00000240c5c37ce0,
0x00000240c5c38680, 0x00000240c5c39020, 0x00000240c5294d20
}

Java Threads: ( => current thread )
  0x00000240a672e280 JavaThread "main" [_thread_blocked, id=9916, stack(0x000000f25d300000,0x000000f25d400000)]
  0x00000240c3e736a0 JavaThread "Reference Handler" daemon [_thread_blocked, id=6312, stack(0x000000f25da00000,0x000000f25db00000)]
  0x00000240c3e74420 JavaThread "Finalizer" daemon [_thread_blocked, id=3820, stack(0x000000f25db00000,0x000000f25dc00000)]
  0x00000240c3e864c0 JavaThread "Signal Dispatcher" daemon [_thread_blocked, id=3832, stack(0x000000f25dc00000,0x000000f25dd00000)]
  0x00000240c3e89da0 JavaThread "Attach Listener" daemon [_thread_blocked, id=2616, stack(0x000000f25dd00000,0x000000f25de00000)]
  0x00000240c3e8a660 JavaThread "Service Thread" daemon [_thread_blocked, id=13232, stack(0x000000f25de00000,0x000000f25df00000)]
  0x00000240c3e8af20 JavaThread "Monitor Deflation Thread" daemon [_thread_blocked, id=6528, stack(0x000000f25df00000,0x000000f25e000000)]
  0x00000240c3e8bbc0 JavaThread "C2 CompilerThread0" daemon [_thread_blocked, id=11452, stack(0x000000f25e000000,0x000000f25e100000)]
  0x00000240c3e8dd20 JavaThread "C1 CompilerThread0" daemon [_thread_blocked, id=4288, stack(0x000000f25e100000,0x000000f25e200000)]
  0x00000240c3ea7210 JavaThread "Sweeper thread" daemon [_thread_blocked, id=11408, stack(0x000000f25e200000,0x000000f25e300000)]
  0x00000240c3e5dc50 JavaThread "Common-Cleaner" daemon [_thread_blocked, id=10308, stack(0x000000f25e300000,0x000000f25e400000)]
  0x00000240c507abb0 JavaThread "Monitor Ctrl-Break" daemon [_thread_in_native, id=4588, stack(0x000000f25e500000,0x000000f25e600000)]
  0x00000240c4b38740 JavaThread "Notification Thread" daemon [_thread_blocked, id=9472, stack(0x000000f25e600000,0x000000f25e700000)]
  0x00000240c516da70 JavaThread "QuantumRenderer-0" daemon [_thread_blocked, id=6400, stack(0x000000f25eb00000,0x000000f25ec00000)]
  0x00000240c54028b0 JavaThread "InvokeLaterDispatcher" daemon [_thread_blocked, id=7136, stack(0x000000f25ec00000,0x000000f25ed00000)]
  0x00000240c5405d80 JavaThread "JavaFX Application Thread" [_thread_in_native, id=13364, stack(0x000000f25ed00000,0x000000f25ee00000)]
  0x00000240c499ec80 JavaThread "Thread-1" daemon [_thread_in_native, id=8460, stack(0x000000f25e400000,0x000000f25e500000)]
  0x00000240c56cb030 JavaThread "JavaFX-Launcher" [_thread_blocked, id=15388, stack(0x000000f25f100000,0x000000f25f200000)]
  0x00000240c5a4fa80 JavaThread "Prism Font Disposer" daemon [_thread_blocked, id=9448, stack(0x000000f25f600000,0x000000f25f700000)]
  0x00000240c5c38b50 JavaThread "Cleaner-0" daemon [_thread_blocked, id=16180, stack(0x000000f25f700000,0x000000f25f800000)]
  0x00000240c5c369a0 JavaThread "Thread-3" daemon [_thread_in_native, id=12876, stack(0x000000f25f200000,0x000000f25f300000)]
  0x00000240c5c36e70 JavaThread "Thread-5" daemon [_thread_in_native, id=4424, stack(0x000000f25f900000,0x000000f25fa00000)]
  0x00000240c5c37810 JavaThread "Thread-6" daemon [_thread_in_native, id=8764, stack(0x000000f25f800000,0x000000f25f900000)]
  0x00000240c5c37ce0 JavaThread "Thread-7" daemon [_thread_in_native, id=5192, stack(0x000000f25fa00000,0x000000f25fb00000)]
  0x00000240c5c38680 JavaThread "Thread-9" daemon [_thread_in_native, id=14588, stack(0x000000f25fc00000,0x000000f25fd00000)]
  0x00000240c5c39020 JavaThread "Thread-10" daemon [_thread_in_native, id=5476, stack(0x000000f25fd00000,0x000000f25fe00000)]
=>0x00000240c5294d20 JavaThread "Thread-25" daemon [_thread_in_native, id=3756, stack(0x000000f25fb00000,0x000000f25fc00000)]

Other Threads:
  0x00000240c3e6bfe0 VMThread "VM Thread" [stack: 0x000000f25d900000,0x000000f25da00000] [id=10404]
  0x00000240c507b080 WatcherThread [stack: 0x000000f25e700000,0x000000f25e800000] [id=7536]
  0x00000240a676c5f0 GCTaskThread "GC Thread#0" [stack: 0x000000f25d400000,0x000000f25d500000] [id=13028]
  0x00000240c5339840 GCTaskThread "GC Thread#1" [stack: 0x000000f25e800000,0x000000f25e900000] [id=9572]
  0x00000240c51bc1e0 GCTaskThread "GC Thread#2" [stack: 0x000000f25e900000,0x000000f25ea00000] [id=14268]
  0x00000240c552e0a0 GCTaskThread "GC Thread#3" [stack: 0x000000f25ea00000,0x000000f25eb00000] [id=7824]
  0x00000240a677e050 ConcurrentGCThread "G1 Main Marker" [stack: 0x000000f25d500000,0x000000f25d600000] [id=9632]
  0x00000240a677e970 ConcurrentGCThread "G1 Conc#0" [stack: 0x000000f25d600000,0x000000f25d700000] [id=10112]
  0x00000240a67f4e10 ConcurrentGCThread "G1 Refine#0" [stack: 0x000000f25d700000,0x000000f25d800000] [id=3764]
  0x00000240a67f5740 ConcurrentGCThread "G1 Service" [stack: 0x000000f25d800000,0x000000f25d900000] [id=5712]

Threads with active compile tasks:

VM state: not at safepoint (normal execution)

VM Mutex/Monitor currently owned by a thread: None

Heap address: 0x0000000082000000, size: 2016 MB, Compressed Oops mode: 32-bit

CDS archive(s) mapped at: [0x0000000800000000-0x0000000800bc0000-0x0000000800bc0000), size 12320768, SharedBaseAddress: 0x0000000800000000, ArchiveRelocationMode: 0.
Compressed class space mapped at: 0x0000000800c00000-0x0000000840c00000, reserved size: 1073741824
Narrow klass base: 0x0000000800000000, Narrow klass shift: 0, Narrow klass range: 0x100000000

GC Precious Log:
 CPUs: 4 total, 4 available
 Memory: 8060M
 Large Page Support: Disabled
 NUMA Support: Disabled
 Compressed Oops: Enabled (32-bit)
 Heap Region Size: 1M
 Heap Min Capacity: 8M
 Heap Initial Capacity: 126M
 Heap Max Capacity: 2016M
 Pre-touch: Disabled
 Parallel Workers: 4
 Concurrent Workers: 1
 Concurrent Refinement Workers: 4
 Periodic GC: Disabled

Heap:
 garbage-first heap   total 129024K, used 47548K [0x0000000082000000, 0x0000000100000000)
  region size 1024K, 16 young (16384K), 8 survivors (8192K)
 Metaspace       used 18886K, committed 19200K, reserved 1073152K
  class space    used 2612K, committed 2752K, reserved 1048576K

Heap Regions: E=young(eden), S=young(survivor), O=old, HS=humongous(starts), HC=humongous(continues), CS=collection set, F=free, OA=open archive, CA=closed archive, TAMS=top-at-mark-start (previous, next)
|   0|0x0000000082000000, 0x0000000082100000, 0x0000000082100000|100%| O|  |TAMS 0x0000000082000000, 0x0000000082100000| Untracked 
|   1|0x0000000082100000, 0x00000000821adc00, 0x0000000082200000| 67%| O|  |TAMS 0x0000000082100000, 0x00000000821adc00| Untracked 
|   2|0x0000000082200000, 0x0000000082300000, 0x0000000082300000|100%|HS|  |TAMS 0x0000000082200000, 0x0000000082200000| Complete 
|   3|0x0000000082300000, 0x0000000082400000, 0x0000000082400000|100%|HC|  |TAMS 0x0000000082300000, 0x0000000082300000| Complete 
|   4|0x0000000082400000, 0x0000000082400000, 0x0000000082500000|  0%| F|  |TAMS 0x0000000082400000, 0x0000000082400000| Untracked 
|   5|0x0000000082500000, 0x0000000082500000, 0x0000000082600000|  0%| F|  |TAMS 0x0000000082500000, 0x0000000082500000| Untracked 
|   6|0x0000000082600000, 0x0000000082600000, 0x0000000082700000|  0%| F|  |TAMS 0x0000000082600000, 0x0000000082600000| Untracked 
|   7|0x0000000082700000, 0x0000000082700000, 0x0000000082800000|  0%| F|  |TAMS 0x0000000082700000, 0x0000000082700000| Untracked 
|   8|0x0000000082800000, 0x0000000082800000, 0x0000000082900000|  0%| F|  |TAMS 0x0000000082800000, 0x0000000082800000| Untracked 
|   9|0x0000000082900000, 0x0000000082900000, 0x0000000082a00000|  0%| F|  |TAMS 0x0000000082900000, 0x0000000082900000| Untracked 
|  10|0x0000000082a00000, 0x0000000082a00000, 0x0000000082b00000|  0%| F|  |TAMS 0x0000000082a00000, 0x0000000082a00000| Untracked 
|  11|0x0000000082b00000, 0x0000000082b00000, 0x0000000082c00000|  0%| F|  |TAMS 0x0000000082b00000, 0x0000000082b00000| Untracked 
|  12|0x0000000082c00000, 0x0000000082c00000, 0x0000000082d00000|  0%| F|  |TAMS 0x0000000082c00000, 0x0000000082c00000| Untracked 
|  13|0x0000000082d00000, 0x0000000082d00000, 0x0000000082e00000|  0%| F|  |TAMS 0x0000000082d00000, 0x0000000082d00000| Untracked 
|  14|0x0000000082e00000, 0x0000000082e00000, 0x0000000082f00000|  0%| F|  |TAMS 0x0000000082e00000, 0x0000000082e00000| Untracked 
|  15|0x0000000082f00000, 0x0000000082f00000, 0x0000000083000000|  0%| F|  |TAMS 0x0000000082f00000, 0x0000000082f00000| Untracked 
|  16|0x0000000083000000, 0x0000000083000000, 0x0000000083100000|  0%| F|  |TAMS 0x0000000083000000, 0x0000000083000000| Untracked 
|  17|0x0000000083100000, 0x0000000083100000, 0x0000000083200000|  0%| F|  |TAMS 0x0000000083100000, 0x0000000083100000| Untracked 
|  18|0x0000000083200000, 0x0000000083200000, 0x0000000083300000|  0%| F|  |TAMS 0x0000000083200000, 0x0000000083200000| Untracked 
|  19|0x0000000083300000, 0x0000000083300000, 0x0000000083400000|  0%| F|  |TAMS 0x0000000083300000, 0x0000000083300000| Untracked 
|  20|0x0000000083400000, 0x0000000083400000, 0x0000000083500000|  0%| F|  |TAMS 0x0000000083400000, 0x0000000083400000| Untracked 
|  21|0x0000000083500000, 0x0000000083500000, 0x0000000083600000|  0%| F|  |TAMS 0x0000000083500000, 0x0000000083500000| Untracked 
|  22|0x0000000083600000, 0x0000000083600000, 0x0000000083700000|  0%| F|  |TAMS 0x0000000083600000, 0x0000000083600000| Untracked 
|  23|0x0000000083700000, 0x0000000083700000, 0x0000000083800000|  0%| F|  |TAMS 0x0000000083700000, 0x0000000083700000| Untracked 
|  24|0x0000000083800000, 0x0000000083800000, 0x0000000083900000|  0%| F|  |TAMS 0x0000000083800000, 0x0000000083800000| Untracked 
|  25|0x0000000083900000, 0x0000000083900000, 0x0000000083a00000|  0%| F|  |TAMS 0x0000000083900000, 0x0000000083900000| Untracked 
|  26|0x0000000083a00000, 0x0000000083a00000, 0x0000000083b00000|  0%| F|  |TAMS 0x0000000083a00000, 0x0000000083a00000| Untracked 
|  27|0x0000000083b00000, 0x0000000083b00000, 0x0000000083c00000|  0%| F|  |TAMS 0x0000000083b00000, 0x0000000083b00000| Untracked 
|  28|0x0000000083c00000, 0x0000000083c00000, 0x0000000083d00000|  0%| F|  |TAMS 0x0000000083c00000, 0x0000000083c00000| Untracked 
|  29|0x0000000083d00000, 0x0000000083e00000, 0x0000000083e00000|100%|HS|  |TAMS 0x0000000083d00000, 0x0000000083e00000| Complete 
|  30|0x0000000083e00000, 0x0000000083f00000, 0x0000000083f00000|100%|HC|  |TAMS 0x0000000083e00000, 0x0000000083f00000| Complete 
|  31|0x0000000083f00000, 0x0000000084000000, 0x0000000084000000|100%|HS|  |TAMS 0x0000000083f00000, 0x0000000084000000| Complete 
|  32|0x0000000084000000, 0x0000000084100000, 0x0000000084100000|100%|HC|  |TAMS 0x0000000084000000, 0x0000000084100000| Complete 
|  33|0x0000000084100000, 0x0000000084200000, 0x0000000084200000|100%|HS|  |TAMS 0x0000000084100000, 0x0000000084200000| Complete 
|  34|0x0000000084200000, 0x0000000084300000, 0x0000000084300000|100%|HC|  |TAMS 0x0000000084200000, 0x0000000084300000| Complete 
|  35|0x0000000084300000, 0x0000000084400000, 0x0000000084400000|100%|HS|  |TAMS 0x0000000084300000, 0x0000000084400000| Complete 
|  36|0x0000000084400000, 0x0000000084500000, 0x0000000084500000|100%|HC|  |TAMS 0x0000000084400000, 0x0000000084500000| Complete 
|  37|0x0000000084500000, 0x0000000084600000, 0x0000000084600000|100%|HS|  |TAMS 0x0000000084500000, 0x0000000084600000| Complete 
|  38|0x0000000084600000, 0x0000000084700000, 0x0000000084700000|100%|HC|  |TAMS 0x0000000084600000, 0x0000000084700000| Complete 
|  39|0x0000000084700000, 0x0000000084800000, 0x0000000084800000|100%|HS|  |TAMS 0x0000000084700000, 0x0000000084800000| Complete 
|  40|0x0000000084800000, 0x0000000084900000, 0x0000000084900000|100%|HC|  |TAMS 0x0000000084800000, 0x0000000084900000| Complete 
|  41|0x0000000084900000, 0x0000000084a00000, 0x0000000084a00000|100%|HS|  |TAMS 0x0000000084900000, 0x0000000084a00000| Complete 
|  42|0x0000000084a00000, 0x0000000084b00000, 0x0000000084b00000|100%|HC|  |TAMS 0x0000000084a00000, 0x0000000084b00000| Complete 
|  43|0x0000000084b00000, 0x0000000084c00000, 0x0000000084c00000|100%|HS|  |TAMS 0x0000000084b00000, 0x0000000084c00000| Complete 
|  44|0x0000000084c00000, 0x0000000084d00000, 0x0000000084d00000|100%|HC|  |TAMS 0x0000000084c00000, 0x0000000084d00000| Complete 
|  45|0x0000000084d00000, 0x0000000084e00000, 0x0000000084e00000|100%|HS|  |TAMS 0x0000000084d00000, 0x0000000084e00000| Complete 
|  46|0x0000000084e00000, 0x0000000084f00000, 0x0000000084f00000|100%|HC|  |TAMS 0x0000000084e00000, 0x0000000084f00000| Complete 
|  47|0x0000000084f00000, 0x0000000085000000, 0x0000000085000000|100%|HS|  |TAMS 0x0000000084f00000, 0x0000000085000000| Complete 
|  48|0x0000000085000000, 0x0000000085100000, 0x0000000085100000|100%|HC|  |TAMS 0x0000000085000000, 0x0000000085100000| Complete 
|  49|0x0000000085100000, 0x0000000085200000, 0x0000000085200000|100%|HS|  |TAMS 0x0000000085100000, 0x0000000085200000| Complete 
|  50|0x0000000085200000, 0x0000000085300000, 0x0000000085300000|100%|HC|  |TAMS 0x0000000085200000, 0x0000000085300000| Complete 
|  51|0x0000000085300000, 0x0000000085400000, 0x0000000085400000|100%|HS|  |TAMS 0x0000000085300000, 0x0000000085400000| Complete 
|  52|0x0000000085400000, 0x0000000085500000, 0x0000000085500000|100%|HC|  |TAMS 0x0000000085400000, 0x0000000085500000| Complete 
|  53|0x0000000085500000, 0x0000000085600000, 0x0000000085600000|100%|HS|  |TAMS 0x0000000085500000, 0x0000000085600000| Complete 
|  54|0x0000000085600000, 0x0000000085700000, 0x0000000085700000|100%|HC|  |TAMS 0x0000000085600000, 0x0000000085700000| Complete 
|  55|0x0000000085700000, 0x0000000085800000, 0x0000000085800000|100%|HS|  |TAMS 0x0000000085700000, 0x0000000085800000| Complete 
|  56|0x0000000085800000, 0x0000000085900000, 0x0000000085900000|100%|HC|  |TAMS 0x0000000085800000, 0x0000000085900000| Complete 
|  57|0x0000000085900000, 0x0000000085900000, 0x0000000085a00000|  0%| F|  |TAMS 0x0000000085900000, 0x0000000085900000| Untracked 
|  58|0x0000000085a00000, 0x0000000085a00000, 0x0000000085b00000|  0%| F|  |TAMS 0x0000000085a00000, 0x0000000085a00000| Untracked 
|  59|0x0000000085b00000, 0x0000000085b00000, 0x0000000085c00000|  0%| F|  |TAMS 0x0000000085b00000, 0x0000000085b00000| Untracked 
|  60|0x0000000085c00000, 0x0000000085c00000, 0x0000000085d00000|  0%| F|  |TAMS 0x0000000085c00000, 0x0000000085c00000| Untracked 
|  61|0x0000000085d00000, 0x0000000085d00000, 0x0000000085e00000|  0%| F|  |TAMS 0x0000000085d00000, 0x0000000085d00000| Untracked 
|  62|0x0000000085e00000, 0x0000000085e00000, 0x0000000085f00000|  0%| F|  |TAMS 0x0000000085e00000, 0x0000000085e00000| Untracked 
|  63|0x0000000085f00000, 0x0000000085f00000, 0x0000000086000000|  0%| F|  |TAMS 0x0000000085f00000, 0x0000000085f00000| Untracked 
|  64|0x0000000086000000, 0x0000000086000000, 0x0000000086100000|  0%| F|  |TAMS 0x0000000086000000, 0x0000000086000000| Untracked 
|  65|0x0000000086100000, 0x0000000086100000, 0x0000000086200000|  0%| F|  |TAMS 0x0000000086100000, 0x0000000086100000| Untracked 
|  66|0x0000000086200000, 0x0000000086200000, 0x0000000086300000|  0%| F|  |TAMS 0x0000000086200000, 0x0000000086200000| Untracked 
|  67|0x0000000086300000, 0x0000000086300000, 0x0000000086400000|  0%| F|  |TAMS 0x0000000086300000, 0x0000000086300000| Untracked 
|  68|0x0000000086400000, 0x0000000086400000, 0x0000000086500000|  0%| F|  |TAMS 0x0000000086400000, 0x0000000086400000| Untracked 
|  69|0x0000000086500000, 0x00000000865c1458, 0x0000000086600000| 75%| S|CS|TAMS 0x0000000086500000, 0x0000000086500000| Complete 
|  70|0x0000000086600000, 0x0000000086700000, 0x0000000086700000|100%| S|CS|TAMS 0x0000000086600000, 0x0000000086600000| Complete 
|  71|0x0000000086700000, 0x0000000086800000, 0x0000000086800000|100%| S|CS|TAMS 0x0000000086700000, 0x0000000086700000| Complete 
|  72|0x0000000086800000, 0x0000000086900000, 0x0000000086900000|100%| S|CS|TAMS 0x0000000086800000, 0x0000000086800000| Complete 
|  73|0x0000000086900000, 0x0000000086a00000, 0x0000000086a00000|100%| S|CS|TAMS 0x0000000086900000, 0x0000000086900000| Complete 
|  74|0x0000000086a00000, 0x0000000086b00000, 0x0000000086b00000|100%| S|CS|TAMS 0x0000000086a00000, 0x0000000086a00000| Complete 
|  75|0x0000000086b00000, 0x0000000086c00000, 0x0000000086c00000|100%| S|CS|TAMS 0x0000000086b00000, 0x0000000086b00000| Complete 
|  76|0x0000000086c00000, 0x0000000086d00000, 0x0000000086d00000|100%| S|CS|TAMS 0x0000000086c00000, 0x0000000086c00000| Complete 
|  77|0x0000000086d00000, 0x0000000086d00000, 0x0000000086e00000|  0%| F|  |TAMS 0x0000000086d00000, 0x0000000086d00000| Untracked 
|  78|0x0000000086e00000, 0x0000000086e00000, 0x0000000086f00000|  0%| F|  |TAMS 0x0000000086e00000, 0x0000000086e00000| Untracked 
|  79|0x0000000086f00000, 0x0000000086f00000, 0x0000000087000000|  0%| F|  |TAMS 0x0000000086f00000, 0x0000000086f00000| Untracked 
|  80|0x0000000087000000, 0x0000000087000000, 0x0000000087100000|  0%| F|  |TAMS 0x0000000087000000, 0x0000000087000000| Untracked 
|  81|0x0000000087100000, 0x0000000087100000, 0x0000000087200000|  0%| F|  |TAMS 0x0000000087100000, 0x0000000087100000| Untracked 
|  82|0x0000000087200000, 0x0000000087200000, 0x0000000087300000|  0%| F|  |TAMS 0x0000000087200000, 0x0000000087200000| Untracked 
|  83|0x0000000087300000, 0x0000000087300000, 0x0000000087400000|  0%| F|  |TAMS 0x0000000087300000, 0x0000000087300000| Untracked 
|  84|0x0000000087400000, 0x0000000087400000, 0x0000000087500000|  0%| F|  |TAMS 0x0000000087400000, 0x0000000087400000| Untracked 
|  85|0x0000000087500000, 0x0000000087500000, 0x0000000087600000|  0%| F|  |TAMS 0x0000000087500000, 0x0000000087500000| Untracked 
|  86|0x0000000087600000, 0x0000000087600000, 0x0000000087700000|  0%| F|  |TAMS 0x0000000087600000, 0x0000000087600000| Untracked 
|  87|0x0000000087700000, 0x0000000087700000, 0x0000000087800000|  0%| F|  |TAMS 0x0000000087700000, 0x0000000087700000| Untracked 
|  88|0x0000000087800000, 0x0000000087800000, 0x0000000087900000|  0%| F|  |TAMS 0x0000000087800000, 0x0000000087800000| Untracked 
|  89|0x0000000087900000, 0x0000000087900000, 0x0000000087a00000|  0%| F|  |TAMS 0x0000000087900000, 0x0000000087900000| Untracked 
|  90|0x0000000087a00000, 0x0000000087a00000, 0x0000000087b00000|  0%| F|  |TAMS 0x0000000087a00000, 0x0000000087a00000| Untracked 
|  91|0x0000000087b00000, 0x0000000087b00000, 0x0000000087c00000|  0%| F|  |TAMS 0x0000000087b00000, 0x0000000087b00000| Untracked 
|  92|0x0000000087c00000, 0x0000000087c00000, 0x0000000087d00000|  0%| F|  |TAMS 0x0000000087c00000, 0x0000000087c00000| Untracked 
|  93|0x0000000087d00000, 0x0000000087d00000, 0x0000000087e00000|  0%| F|  |TAMS 0x0000000087d00000, 0x0000000087d00000| Untracked 
|  94|0x0000000087e00000, 0x0000000087e00000, 0x0000000087f00000|  0%| F|  |TAMS 0x0000000087e00000, 0x0000000087e00000| Untracked 
|  95|0x0000000087f00000, 0x0000000087f00000, 0x0000000088000000|  0%| F|  |TAMS 0x0000000087f00000, 0x0000000087f00000| Untracked 
|  96|0x0000000088000000, 0x0000000088000000, 0x0000000088100000|  0%| F|  |TAMS 0x0000000088000000, 0x0000000088000000| Untracked 
|  97|0x0000000088100000, 0x0000000088100000, 0x0000000088200000|  0%| F|  |TAMS 0x0000000088100000, 0x0000000088100000| Untracked 
|  98|0x0000000088200000, 0x0000000088200000, 0x0000000088300000|  0%| F|  |TAMS 0x0000000088200000, 0x0000000088200000| Untracked 
|  99|0x0000000088300000, 0x0000000088300000, 0x0000000088400000|  0%| F|  |TAMS 0x0000000088300000, 0x0000000088300000| Untracked 
| 100|0x0000000088400000, 0x0000000088400000, 0x0000000088500000|  0%| F|  |TAMS 0x0000000088400000, 0x0000000088400000| Untracked 
| 101|0x0000000088500000, 0x0000000088500000, 0x0000000088600000|  0%| F|  |TAMS 0x0000000088500000, 0x0000000088500000| Untracked 
| 102|0x0000000088600000, 0x0000000088600000, 0x0000000088700000|  0%| F|  |TAMS 0x0000000088600000, 0x0000000088600000| Untracked 
| 103|0x0000000088700000, 0x0000000088700000, 0x0000000088800000|  0%| F|  |TAMS 0x0000000088700000, 0x0000000088700000| Untracked 
| 104|0x0000000088800000, 0x0000000088800000, 0x0000000088900000|  0%| F|  |TAMS 0x0000000088800000, 0x0000000088800000| Untracked 
| 105|0x0000000088900000, 0x0000000088900000, 0x0000000088a00000|  0%| F|  |TAMS 0x0000000088900000, 0x0000000088900000| Untracked 
| 106|0x0000000088a00000, 0x0000000088a00000, 0x0000000088b00000|  0%| F|  |TAMS 0x0000000088a00000, 0x0000000088a00000| Untracked 
| 107|0x0000000088b00000, 0x0000000088b00000, 0x0000000088c00000|  0%| F|  |TAMS 0x0000000088b00000, 0x0000000088b00000| Untracked 
| 108|0x0000000088c00000, 0x0000000088c00000, 0x0000000088d00000|  0%| F|  |TAMS 0x0000000088c00000, 0x0000000088c00000| Untracked 
| 109|0x0000000088d00000, 0x0000000088d00000, 0x0000000088e00000|  0%| F|  |TAMS 0x0000000088d00000, 0x0000000088d00000| Untracked 
| 110|0x0000000088e00000, 0x0000000088e00000, 0x0000000088f00000|  0%| F|  |TAMS 0x0000000088e00000, 0x0000000088e00000| Untracked 
| 111|0x0000000088f00000, 0x0000000088f00000, 0x0000000089000000|  0%| F|  |TAMS 0x0000000088f00000, 0x0000000088f00000| Untracked 
| 112|0x0000000089000000, 0x0000000089000000, 0x0000000089100000|  0%| F|  |TAMS 0x0000000089000000, 0x0000000089000000| Untracked 
| 113|0x0000000089100000, 0x0000000089100000, 0x0000000089200000|  0%| F|  |TAMS 0x0000000089100000, 0x0000000089100000| Untracked 
| 114|0x0000000089200000, 0x0000000089200000, 0x0000000089300000|  0%| F|  |TAMS 0x0000000089200000, 0x0000000089200000| Untracked 
| 115|0x0000000089300000, 0x0000000089300000, 0x0000000089400000|  0%| F|  |TAMS 0x0000000089300000, 0x0000000089300000| Untracked 
| 116|0x0000000089400000, 0x0000000089400000, 0x0000000089500000|  0%| F|  |TAMS 0x0000000089400000, 0x0000000089400000| Untracked 
| 117|0x0000000089500000, 0x0000000089500000, 0x0000000089600000|  0%| F|  |TAMS 0x0000000089500000, 0x0000000089500000| Untracked 
| 118|0x0000000089600000, 0x00000000896ed268, 0x0000000089700000| 92%| E|  |TAMS 0x0000000089600000, 0x0000000089600000| Complete 
| 119|0x0000000089700000, 0x0000000089800000, 0x0000000089800000|100%| E|CS|TAMS 0x0000000089700000, 0x0000000089700000| Complete 
| 120|0x0000000089800000, 0x0000000089900000, 0x0000000089900000|100%| E|CS|TAMS 0x0000000089800000, 0x0000000089800000| Complete 
| 121|0x0000000089900000, 0x0000000089a00000, 0x0000000089a00000|100%| E|CS|TAMS 0x0000000089900000, 0x0000000089900000| Complete 
| 122|0x0000000089a00000, 0x0000000089b00000, 0x0000000089b00000|100%| E|CS|TAMS 0x0000000089a00000, 0x0000000089a00000| Complete 
| 123|0x0000000089b00000, 0x0000000089c00000, 0x0000000089c00000|100%| E|CS|TAMS 0x0000000089b00000, 0x0000000089b00000| Complete 
| 124|0x0000000089c00000, 0x0000000089d00000, 0x0000000089d00000|100%| E|CS|TAMS 0x0000000089c00000, 0x0000000089c00000| Complete 
| 125|0x0000000089d00000, 0x0000000089e00000, 0x0000000089e00000|100%| E|CS|TAMS 0x0000000089d00000, 0x0000000089d00000| Complete 

Card table byte_map: [0x00000240bd330000,0x00000240bd720000] _byte_map_base: 0x00000240bcf20000

Marking Bits (Prev, Next): (CMBitMap*) 0x00000240a676db20, (CMBitMap*) 0x00000240a676db60
 Prev Bits: [0x00000240bdb10000, 0x00000240bfa90000)
 Next Bits: [0x00000240bfa90000, 0x00000240c1a10000)

Polling page: 0x00000240a46a0000

Metaspace:

Usage:
  Non-class:     15.89 MB used.
      Class:      2.55 MB used.
       Both:     18.44 MB used.

Virtual space:
  Non-class space:       24.00 MB reserved,      16.06 MB ( 67%) committed,  3 nodes.
      Class space:        1.00 GB reserved,       2.69 MB ( <1%) committed,  1 nodes.
             Both:        1.02 GB reserved,      18.75 MB (  2%) committed. 

Chunk freelists:
   Non-Class:  3.85 MB
       Class:  1.33 MB
        Both:  5.18 MB

MaxMetaspaceSize: unlimited
CompressedClassSpaceSize: 1.00 GB
Initial GC threshold: 21.00 MB
Current GC threshold: 21.00 MB
CDS: on
MetaspaceReclaimPolicy: balanced
 - commit_granule_bytes: 65536.
 - commit_granule_words: 8192.
 - virtual_space_node_default_size: 1048576.
 - enlarge_chunks_in_place: 1.
 - new_chunks_are_fully_committed: 0.
 - uncommit_free_chunks: 1.
 - use_allocation_guard: 0.
 - handle_deallocations: 1.


Internal statistics:

num_allocs_failed_limit: 0.
num_arena_births: 262.
num_arena_deaths: 0.
num_vsnodes_births: 4.
num_vsnodes_deaths: 0.
num_space_committed: 300.
num_space_uncommitted: 0.
num_chunks_returned_to_freelist: 0.
num_chunks_taken_from_freelist: 875.
num_chunk_merges: 0.
num_chunk_splits: 591.
num_chunks_enlarged: 452.
num_purges: 0.
num_inconsistent_stats: 0.

CodeHeap 'non-profiled nmethods': size=120000Kb used=1317Kb max_used=1317Kb free=118682Kb
 bounds [0x00000240b5a10000, 0x00000240b5c80000, 0x00000240bcf40000]
CodeHeap 'profiled nmethods': size=120000Kb used=7174Kb max_used=7174Kb free=112825Kb
 bounds [0x00000240ae4e0000, 0x00000240aebf0000, 0x00000240b5a10000]
CodeHeap 'non-nmethods': size=5760Kb used=1440Kb max_used=1485Kb free=4319Kb
 bounds [0x00000240adf40000, 0x00000240ae1b0000, 0x00000240ae4e0000]
 total_blobs=4362 nmethods=3559 adapters=715
 compilation: enabled
              stopped_count=0, restarted_count=0
 full_count=0

Compilation events (20 events):
Event: 10.929 Thread 0x00000240c3e8dd20 nmethod 3546 0x00000240b5b58010 code [0x00000240b5b581a0, 0x00000240b5b58278]
Event: 10.929 Thread 0x00000240c3e8dd20 3548       3       com.sun.prism.impl.ps.BaseShaderContext::resetLastClip (14 bytes)
Event: 10.930 Thread 0x00000240c3e8dd20 nmethod 3548 0x00000240aebdca10 code [0x00000240aebdcbc0, 0x00000240aebdce78]
Event: 10.931 Thread 0x00000240c3e8bbc0 nmethod 3547 0x00000240b5b58310 code [0x00000240b5b584a0, 0x00000240b5b586b8]
Event: 10.931 Thread 0x00000240c3e8dd20 3549       3       com.sun.prism.impl.VertexBuffer::setPerVertexColor (26 bytes)
Event: 10.931 Thread 0x00000240c3e8dd20 nmethod 3549 0x00000240aebdcf90 code [0x00000240aebdd140, 0x00000240aebdd278]
Event: 10.931 Thread 0x00000240c3e8dd20 3550       1       com.sun.prism.impl.BaseTexture::getMaxContentWidth (5 bytes)
Event: 10.931 Thread 0x00000240c3e8dd20 nmethod 3550 0x00000240b5b58890 code [0x00000240b5b58a20, 0x00000240b5b58af8]
Event: 10.931 Thread 0x00000240c3e8dd20 3551       1       com.sun.prism.impl.BaseTexture::getMaxContentHeight (5 bytes)
Event: 10.931 Thread 0x00000240c3e8dd20 nmethod 3551 0x00000240b5b58b90 code [0x00000240b5b58d20, 0x00000240b5b58df8]
Event: 10.931 Thread 0x00000240c3e8dd20 3552       3       com.sun.javafx.geom.Rectangle::<init> (26 bytes)
Event: 10.931 Thread 0x00000240c3e8dd20 nmethod 3552 0x00000240aebdd310 code [0x00000240aebdd4a0, 0x00000240aebdd618]
Event: 10.932 Thread 0x00000240c3e8dd20 3553       3       com.sun.prism.impl.BaseTexture::isSurfaceLost (16 bytes)
Event: 10.932 Thread 0x00000240c3e8dd20 nmethod 3553 0x00000240aebdd710 code [0x00000240aebdd8c0, 0x00000240aebddcd8]
Event: 10.932 Thread 0x00000240c3e8dd20 3554       3       com.sun.prism.d3d.D3DContext::updateShaderTransform (262 bytes)
Event: 10.933 Thread 0x00000240c3e8dd20 nmethod 3554 0x00000240aebdde10 code [0x00000240aebde1c0, 0x00000240aebdfb58]
Event: 10.933 Thread 0x00000240c3e8dd20 3555       1       javafx.scene.layout.BackgroundFill::getFill (5 bytes)
Event: 10.933 Thread 0x00000240c3e8dd20 nmethod 3555 0x00000240b5b58e90 code [0x00000240b5b59020, 0x00000240b5b590f8]
Event: 11.108 Thread 0x00000240c3e8dd20 3556       3       jdk.internal.reflect.UnsafeFieldAccessorImpl::ensureObj (23 bytes)
Event: 11.109 Thread 0x00000240c3e8dd20 nmethod 3556 0x00000240aebe0710 code [0x00000240aebe0900, 0x00000240aebe0e08]

GC Heap History (6 events):
Event: 0.723 GC heap before
{Heap before GC invocations=0 (full 0):
 garbage-first heap   total 129024K, used 13312K [0x0000000082000000, 0x0000000100000000)
  region size 1024K, 13 young (13312K), 0 survivors (0K)
 Metaspace       used 2362K, committed 2496K, reserved 1056768K
  class space    used 247K, committed 320K, reserved 1048576K
}
Event: 0.730 GC heap after
{Heap after GC invocations=1 (full 0):
 garbage-first heap   total 129024K, used 1807K [0x0000000082000000, 0x0000000100000000)
  region size 1024K, 2 young (2048K), 2 survivors (2048K)
 Metaspace       used 2362K, committed 2496K, reserved 1056768K
  class space    used 247K, committed 320K, reserved 1048576K
}
Event: 1.223 GC heap before
{Heap before GC invocations=1 (full 0):
 garbage-first heap   total 129024K, used 18191K [0x0000000082000000, 0x0000000100000000)
  region size 1024K, 19 young (19456K), 2 survivors (2048K)
 Metaspace       used 8052K, committed 8256K, reserved 1056768K
  class space    used 1023K, committed 1152K, reserved 1048576K
}
Event: 1.227 GC heap after
{Heap after GC invocations=2 (full 0):
 garbage-first heap   total 129024K, used 4424K [0x0000000082000000, 0x0000000100000000)
  region size 1024K, 3 young (3072K), 3 survivors (3072K)
 Metaspace       used 8052K, committed 8256K, reserved 1056768K
  class space    used 1023K, committed 1152K, reserved 1048576K
}
Event: 10.710 GC heap before
{Heap before GC invocations=2 (full 0):
 garbage-first heap   total 129024K, used 106824K [0x0000000082000000, 0x0000000100000000)
  region size 1024K, 49 young (50176K), 3 survivors (3072K)
 Metaspace       used 18376K, committed 18688K, reserved 1064960K
  class space    used 2562K, committed 2752K, reserved 1048576K
}
Event: 10.719 GC heap after
{Heap after GC invocations=3 (full 0):
 garbage-first heap   total 129024K, used 38332K [0x0000000082000000, 0x0000000100000000)
  region size 1024K, 8 young (8192K), 8 survivors (8192K)
 Metaspace       used 18376K, committed 18688K, reserved 1064960K
  class space    used 2562K, committed 2752K, reserved 1048576K
}

Deoptimization events (20 events):
Event: 10.730 Thread 0x00000240c5405d80 Uncommon trap: trap_request=0xffffffbe fr.pc=0x00000240b5b2cbb8 relative=0x00000000000019b8
Event: 10.730 Thread 0x00000240c5405d80 Uncommon trap: reason=profile_predicate action=maybe_recompile pc=0x00000240b5b2cbb8 method=javafx.css.CompoundSelector.applies(Ljavafx/css/Styleable;I[Ljava/util/Set;I)Z @ 103 c2
Event: 10.730 Thread 0x00000240c5405d80 DEOPT PACKING pc=0x00000240b5b2cbb8 sp=0x000000f25edfd310
Event: 10.730 Thread 0x00000240c5405d80 DEOPT UNPACKING pc=0x00000240adf923a3 sp=0x000000f25edfd300 mode 2
Event: 10.730 Thread 0x00000240c5405d80 Uncommon trap: trap_request=0xffffffbe fr.pc=0x00000240b5b2cbb8 relative=0x00000000000019b8
Event: 10.730 Thread 0x00000240c5405d80 Uncommon trap: reason=profile_predicate action=maybe_recompile pc=0x00000240b5b2cbb8 method=javafx.css.CompoundSelector.applies(Ljavafx/css/Styleable;I[Ljava/util/Set;I)Z @ 103 c2
Event: 10.730 Thread 0x00000240c5405d80 DEOPT PACKING pc=0x00000240b5b2cbb8 sp=0x000000f25edfd0f0
Event: 10.730 Thread 0x00000240c5405d80 DEOPT UNPACKING pc=0x00000240adf923a3 sp=0x000000f25edfd0e0 mode 2
Event: 10.731 Thread 0x00000240c5405d80 Uncommon trap: trap_request=0xffffffbe fr.pc=0x00000240b5b2cbb8 relative=0x00000000000019b8
Event: 10.731 Thread 0x00000240c5405d80 Uncommon trap: reason=profile_predicate action=maybe_recompile pc=0x00000240b5b2cbb8 method=javafx.css.CompoundSelector.applies(Ljavafx/css/Styleable;I[Ljava/util/Set;I)Z @ 103 c2
Event: 10.731 Thread 0x00000240c5405d80 DEOPT PACKING pc=0x00000240b5b2cbb8 sp=0x000000f25edfd0f0
Event: 10.731 Thread 0x00000240c5405d80 DEOPT UNPACKING pc=0x00000240adf923a3 sp=0x000000f25edfd0e0 mode 2
Event: 10.731 Thread 0x00000240c5405d80 Uncommon trap: trap_request=0xffffffbe fr.pc=0x00000240b5b2cbb8 relative=0x00000000000019b8
Event: 10.731 Thread 0x00000240c5405d80 Uncommon trap: reason=profile_predicate action=maybe_recompile pc=0x00000240b5b2cbb8 method=javafx.css.CompoundSelector.applies(Ljavafx/css/Styleable;I[Ljava/util/Set;I)Z @ 103 c2
Event: 10.731 Thread 0x00000240c5405d80 DEOPT PACKING pc=0x00000240b5b2cbb8 sp=0x000000f25edfd0f0
Event: 10.731 Thread 0x00000240c5405d80 DEOPT UNPACKING pc=0x00000240adf923a3 sp=0x000000f25edfd0e0 mode 2
Event: 10.738 Thread 0x00000240c5405d80 Uncommon trap: trap_request=0xffffff45 fr.pc=0x00000240b5abc498 relative=0x0000000000000bb8
Event: 10.738 Thread 0x00000240c5405d80 Uncommon trap: reason=unstable_if action=reinterpret pc=0x00000240b5abc498 method=java.util.WeakHashMap.expungeStaleEntries()V @ 66 c2
Event: 10.738 Thread 0x00000240c5405d80 DEOPT PACKING pc=0x00000240b5abc498 sp=0x000000f25edfd580
Event: 10.738 Thread 0x00000240c5405d80 DEOPT UNPACKING pc=0x00000240adf923a3 sp=0x000000f25edfd500 mode 2

Classes unloaded (0 events):
No events

Classes redefined (0 events):
No events

Internal exceptions (20 events):
Event: 2.064 Thread 0x00000240c5405d80 Implicit null exception at 0x00000240b5a8ef8c to 0x00000240b5a8f3a8
Event: 2.066 Thread 0x00000240c5405d80 Exception <a 'java/lang/NoSuchMethodError'{0x00000000887ee370}: 'void java.lang.invoke.DirectMethodHandle$Holder.invokeSpecial(java.lang.Object, java.lang.Object, java.lang.Object, java.lang.Object, java.lang.Object, java.lang.Object)'> (0x00000000887ee370) 
thrown [t:\workspace\open\src\hotspot\share\interpreter\linkResolver.cpp, line 766]
Event: 2.071 Thread 0x00000240c5405d80 Implicit null exception at 0x00000240b5a8e28c to 0x00000240b5a8e688
Event: 2.071 Thread 0x00000240c5405d80 Implicit null exception at 0x00000240b5a39b0f to 0x00000240b5a39b89
Event: 2.191 Thread 0x00000240c5405d80 Exception <a 'java/lang/NoSuchMethodError'{0x00000000883906a8}: 'java.lang.Object java.lang.invoke.DirectMethodHandle$Holder.newInvokeSpecial(java.lang.Object, java.lang.Object, int)'> (0x00000000883906a8) 
thrown [t:\workspace\open\src\hotspot\share\interpreter\linkResolver.cpp, line 766]
Event: 2.232 Thread 0x00000240c516da70 Exception <a 'java/lang/NoSuchMethodError'{0x0000000088258458}: 'int java.lang.invoke.DirectMethodHandle$Holder.invokeStaticInit(java.lang.Object, java.lang.Object)'> (0x0000000088258458) 
thrown [t:\workspace\open\src\hotspot\share\interpreter\linkResolver.cpp, line 766]
Event: 2.234 Thread 0x00000240c5405d80 Exception <a 'java/lang/NoSuchMethodError'{0x00000000883fcb78}: 'long java.lang.invoke.DirectMethodHandle$Holder.invokeStatic(java.lang.Object, java.lang.Object, java.lang.Object)'> (0x00000000883fcb78) 
thrown [t:\workspace\open\src\hotspot\share\interpreter\linkResolver.cpp, line 766]
Event: 2.235 Thread 0x00000240c5405d80 Exception <a 'java/lang/NoSuchMethodError'{0x00000000882911b0}: 'long java.lang.invoke.DirectMethodHandle$Holder.invokeStaticInit(java.lang.Object, java.lang.Object, java.lang.Object)'> (0x00000000882911b0) 
thrown [t:\workspace\open\src\hotspot\share\interpreter\linkResolver.cpp, line 766]
Event: 2.238 Thread 0x00000240c5405d80 Exception <a 'java/lang/NoSuchMethodError'{0x00000000882a8db8}: 'java.lang.Object java.lang.invoke.DirectMethodHandle$Holder.newInvokeSpecial(java.lang.Object, java.lang.Object, long)'> (0x00000000882a8db8) 
thrown [t:\workspace\open\src\hotspot\share\interpreter\linkResolver.cpp, line 766]
Event: 2.238 Thread 0x00000240c5405d80 Exception <a 'java/lang/NoSuchMethodError'{0x00000000882ac928}: 'java.lang.Object java.lang.invoke.Invokers$Holder.linkToTargetMethod(java.lang.Object, long, java.lang.Object)'> (0x00000000882ac928) 
thrown [t:\workspace\open\src\hotspot\share\interpreter\linkResolver.cpp, line 766]
Event: 8.800 Thread 0x00000240c5405d80 Exception <a 'sun/nio/fs/WindowsException'{0x0000000087ebf6e8}> (0x0000000087ebf6e8) 
thrown [t:\workspace\open\src\hotspot\share\prims\jni.cpp, line 516]
Event: 8.847 Thread 0x00000240c5405d80 Exception <a 'sun/nio/fs/WindowsException'{0x0000000087c87d68}> (0x0000000087c87d68) 
thrown [t:\workspace\open\src\hotspot\share\prims\jni.cpp, line 516]
Event: 8.853 Thread 0x00000240c5405d80 Exception <a 'sun/nio/fs/WindowsException'{0x0000000087ca5958}> (0x0000000087ca5958) 
thrown [t:\workspace\open\src\hotspot\share\prims\jni.cpp, line 516]
Event: 8.856 Thread 0x00000240c5405d80 Exception <a 'java/lang/NoSuchMethodError'{0x0000000087cada50}: 'java.lang.Object java.lang.invoke.DirectMethodHandle$Holder.invokeStaticInit(java.lang.Object, int, int, int, int)'> (0x0000000087cada50) 
thrown [t:\workspace\open\src\hotspot\share\interpreter\linkResolver.cpp, line 766]
Event: 8.911 Thread 0x00000240c5405d80 Exception <a 'java/lang/NoSuchMethodError'{0x0000000087b37c30}: 'java.lang.Object java.lang.invoke.DirectMethodHandle$Holder.invokeStaticInit(java.lang.Object, java.lang.Object, int, int, int, int)'> (0x0000000087b37c30) 
thrown [t:\workspace\open\src\hotspot\share\interpreter\linkResolver.cpp, line 766]
Event: 9.813 Thread 0x00000240c5405d80 Exception <a 'java/lang/NoSuchMethodError'{0x0000000087bb3470}: 'java.lang.Object java.lang.invoke.DirectMethodHandle$Holder.newInvokeSpecial(java.lang.Object, java.lang.Object, java.lang.Object, int)'> (0x0000000087bb3470) 
thrown [t:\workspace\open\src\hotspot\share\interpreter\linkResolver.cpp, line 766]
Event: 9.814 Thread 0x00000240c5405d80 Exception <a 'java/lang/NoSuchMethodError'{0x0000000087bb7850}: 'java.lang.Object java.lang.invoke.DirectMethodHandle$Holder.invokeSpecial(java.lang.Object, java.lang.Object, java.lang.Object, java.lang.Object, int)'> (0x0000000087bb7850) 
thrown [t:\workspace\open\src\hotspot\share\interpreter\linkResolver.cpp, line 766]
Event: 9.815 Thread 0x00000240c5405d80 Exception <a 'java/lang/NoSuchMethodError'{0x0000000087bbb418}: 'java.lang.Object java.lang.invoke.Invokers$Holder.linkToTargetMethod(java.lang.Object, java.lang.Object, int, java.lang.Object)'> (0x0000000087bbb418) 
thrown [t:\workspace\open\src\hotspot\share\interpreter\linkResolver.cpp, line 766]
Event: 10.430 Thread 0x00000240c5405d80 Exception <a 'java/io/FileNotFoundException'{0x00000000874ca0a0}> (0x00000000874ca0a0) 
thrown [t:\workspace\open\src\hotspot\share\prims\jni.cpp, line 516]
Event: 10.861 Thread 0x00000240c516da70 Exception <a 'java/lang/NoSuchMethodError'{0x00000000899b1730}: 'java.lang.Object java.lang.invoke.DirectMethodHandle$Holder.invokeStaticInit(java.lang.Object, int)'> (0x00000000899b1730) 
thrown [t:\workspace\open\src\hotspot\share\interpreter\linkResolver.cpp, line 766]

VM Operations (20 events):
Event: 3.064 Executing VM operation: Cleanup
Event: 3.064 Executing VM operation: Cleanup done
Event: 4.064 Executing VM operation: Cleanup
Event: 4.065 Executing VM operation: Cleanup done
Event: 6.065 Executing VM operation: Cleanup
Event: 6.065 Executing VM operation: Cleanup done
Event: 7.066 Executing VM operation: Cleanup
Event: 7.066 Executing VM operation: Cleanup done
Event: 8.066 Executing VM operation: Cleanup
Event: 8.067 Executing VM operation: Cleanup done
Event: 8.804 Executing VM operation: HandshakeAllThreads
Event: 8.804 Executing VM operation: HandshakeAllThreads done
Event: 8.860 Executing VM operation: HandshakeAllThreads
Event: 8.860 Executing VM operation: HandshakeAllThreads done
Event: 9.860 Executing VM operation: Cleanup
Event: 9.860 Executing VM operation: Cleanup done
Event: 10.534 Executing VM operation: ICBufferFull
Event: 10.534 Executing VM operation: ICBufferFull done
Event: 10.709 Executing VM operation: G1TryInitiateConcMark
Event: 10.719 Executing VM operation: G1TryInitiateConcMark done

Events (20 events):
Event: 10.872 Thread 0x00000240c5296530 Thread added: 0x00000240c5296530
Event: 10.872 Thread 0x00000240c5297870 Thread exited: 0x00000240c5297870
Event: 10.873 Thread 0x00000240c5295b90 Thread added: 0x00000240c5295b90
Event: 10.878 Thread 0x00000240c5299ef0 Thread exited: 0x00000240c5299ef0
Event: 10.879 Thread 0x00000240c52951f0 Thread exited: 0x00000240c52951f0
Event: 10.882 Thread 0x00000240c52956c0 Thread exited: 0x00000240c52956c0
Event: 10.882 Thread 0x00000240c5295b90 Thread exited: 0x00000240c5295b90
Event: 10.883 Thread 0x00000240c5296530 Thread exited: 0x00000240c5296530
Event: 10.883 Thread 0x00000240c5299a20 Thread added: 0x00000240c5299a20
Event: 10.884 Thread 0x00000240c5299a20 Thread exited: 0x00000240c5299a20
Event: 10.884 Thread 0x00000240c5296ed0 Thread added: 0x00000240c5296ed0
Event: 10.887 Thread 0x00000240c52956c0 Thread added: 0x00000240c52956c0
Event: 10.888 Thread 0x00000240c5296ed0 Thread exited: 0x00000240c5296ed0
Event: 10.888 Thread 0x00000240c529b700 Thread added: 0x00000240c529b700
Event: 10.890 Thread 0x00000240c52956c0 Thread exited: 0x00000240c52956c0
Event: 10.890 Thread 0x00000240c529b700 Thread exited: 0x00000240c529b700
Event: 11.107 Thread 0x00000240c5297d40 Thread exited: 0x00000240c5297d40
Event: 11.108 Thread 0x00000240c5297d40 Thread added: 0x00000240c5297d40
Event: 11.108 Thread 0x00000240c58ae0e0 Thread exited: 0x00000240c58ae0e0
Event: 11.109 Thread 0x00000240c5297d40 Thread exited: 0x00000240c5297d40


Dynamic libraries:
0x00007ff792930000 - 0x00007ff792940000 	C:\Program Files\Java\jdk-17.0.1\bin\java.exe
0x00007ffc76610000 - 0x00007ffc76805000 	C:\WINDOWS\SYSTEM32\ntdll.dll
0x00007ffc74930000 - 0x00007ffc749ee000 	C:\WINDOWS\System32\KERNEL32.DLL
0x00007ffc73fa0000 - 0x00007ffc74268000 	C:\WINDOWS\System32\KERNELBASE.dll
0x00007ffc73ea0000 - 0x00007ffc73fa0000 	C:\WINDOWS\System32\ucrtbase.dll
0x00007ffc6ea50000 - 0x00007ffc6ea68000 	C:\Program Files\Java\jdk-17.0.1\bin\jli.dll
0x00007ffc75310000 - 0x00007ffc753be000 	C:\WINDOWS\System32\ADVAPI32.dll
0x00007ffc74810000 - 0x00007ffc748ae000 	C:\WINDOWS\System32\msvcrt.dll
0x00007ffc74ac0000 - 0x00007ffc74b5c000 	C:\WINDOWS\System32\sechost.dll
0x00007ffc75060000 - 0x00007ffc75185000 	C:\WINDOWS\System32\RPCRT4.dll
0x00007ffc74670000 - 0x00007ffc74810000 	C:\WINDOWS\System32\USER32.dll
0x00007ffc73dd0000 - 0x00007ffc73df2000 	C:\WINDOWS\System32\win32u.dll
0x00007ffc765a0000 - 0x00007ffc765ca000 	C:\WINDOWS\System32\GDI32.dll
0x00007ffc743b0000 - 0x00007ffc744bb000 	C:\WINDOWS\System32\gdi32full.dll
0x00007ffc73d30000 - 0x00007ffc73dcd000 	C:\WINDOWS\System32\msvcp_win.dll
0x00007ffc56090000 - 0x00007ffc5632a000 	C:\WINDOWS\WinSxS\amd64_microsoft.windows.common-controls_6595b64144ccf1df_6.0.19041.1110_none_60b5254171f9507e\COMCTL32.dll
0x00007ffc6b870000 - 0x00007ffc6b87a000 	C:\WINDOWS\SYSTEM32\VERSION.dll
0x00007ffc6af70000 - 0x00007ffc6af8a000 	C:\Program Files\Java\jdk-17.0.1\bin\VCRUNTIME140.dll
0x00007ffc74cc0000 - 0x00007ffc74cf0000 	C:\WINDOWS\System32\IMM32.DLL
0x00007ffc71510000 - 0x00007ffc7151c000 	C:\Program Files\Java\jdk-17.0.1\bin\vcruntime140_1.dll
0x00007ffc553d0000 - 0x00007ffc5545d000 	C:\Program Files\Java\jdk-17.0.1\bin\msvcp140.dll
0x00007ffc20980000 - 0x00007ffc2153e000 	C:\Program Files\Java\jdk-17.0.1\bin\server\jvm.dll
0x00007ffc74cf0000 - 0x00007ffc74cf8000 	C:\WINDOWS\System32\PSAPI.DLL
0x00007ffc6ea70000 - 0x00007ffc6ea79000 	C:\WINDOWS\SYSTEM32\WSOCK32.dll
0x00007ffc74bf0000 - 0x00007ffc74c5b000 	C:\WINDOWS\System32\WS2_32.dll
0x00007ffc66440000 - 0x00007ffc66467000 	C:\WINDOWS\SYSTEM32\WINMM.dll
0x00007ffc71c10000 - 0x00007ffc71c22000 	C:\WINDOWS\SYSTEM32\kernel.appcore.dll
0x00007ffc714c0000 - 0x00007ffc714ca000 	C:\Program Files\Java\jdk-17.0.1\bin\jimage.dll
0x00007ffc5d610000 - 0x00007ffc5d7f4000 	C:\WINDOWS\SYSTEM32\DBGHELP.DLL
0x00007ffc62030000 - 0x00007ffc6205c000 	C:\WINDOWS\SYSTEM32\dbgcore.DLL
0x00007ffc74270000 - 0x00007ffc742f2000 	C:\WINDOWS\System32\bcryptPrimitives.dll
0x00007ffc6eab0000 - 0x00007ffc6eabe000 	C:\Program Files\Java\jdk-17.0.1\bin\instrument.dll
0x00007ffc6af40000 - 0x00007ffc6af65000 	C:\Program Files\Java\jdk-17.0.1\bin\java.dll
0x00007ffc46b20000 - 0x00007ffc46bf6000 	C:\Program Files\Java\jdk-17.0.1\bin\svml.dll
0x00007ffc75790000 - 0x00007ffc75ed4000 	C:\WINDOWS\System32\SHELL32.dll
0x00007ffc71e10000 - 0x00007ffc725a4000 	C:\WINDOWS\SYSTEM32\windows.storage.dll
0x00007ffc74d00000 - 0x00007ffc75054000 	C:\WINDOWS\System32\combase.dll
0x00007ffc735f0000 - 0x00007ffc7361c000 	C:\WINDOWS\SYSTEM32\Wldp.dll
0x00007ffc75ee0000 - 0x00007ffc75f8d000 	C:\WINDOWS\System32\SHCORE.dll
0x00007ffc74c60000 - 0x00007ffc74cb5000 	C:\WINDOWS\System32\shlwapi.dll
0x00007ffc73c70000 - 0x00007ffc73c8f000 	C:\WINDOWS\SYSTEM32\profapi.dll
0x00007ffc685b0000 - 0x00007ffc685c9000 	C:\Program Files\Java\jdk-17.0.1\bin\net.dll
0x00007ffc6b3e0000 - 0x00007ffc6b4ea000 	C:\WINDOWS\SYSTEM32\WINHTTP.dll
0x00007ffc733d0000 - 0x00007ffc7343a000 	C:\WINDOWS\system32\mswsock.dll
0x00007ffc68590000 - 0x00007ffc685a5000 	C:\Program Files\Java\jdk-17.0.1\bin\nio.dll
0x00007ffc68570000 - 0x00007ffc68588000 	C:\Program Files\Java\jdk-17.0.1\bin\zip.dll
0x00007ffc68390000 - 0x00007ffc683aa000 	C:\Program Files\JetBrains\IntelliJ IDEA Community Edition 2021.3\bin\breakgen64.dll
0x00000240a4740000 - 0x00000240a4743000 	C:\Users\Administrator\.openjfx\cache\17.0.1\api-ms-win-core-console-l1-1-0.dll
0x00000240a4750000 - 0x00000240a4753000 	C:\Users\Administrator\.openjfx\cache\17.0.1\api-ms-win-core-console-l1-2-0.dll
0x00000240a6640000 - 0x00000240a6643000 	C:\Users\Administrator\.openjfx\cache\17.0.1\api-ms-win-core-datetime-l1-1-0.dll
0x00000240a6650000 - 0x00000240a6653000 	C:\Users\Administrator\.openjfx\cache\17.0.1\api-ms-win-core-debug-l1-1-0.dll
0x00000240a6660000 - 0x00000240a6663000 	C:\Users\Administrator\.openjfx\cache\17.0.1\api-ms-win-core-errorhandling-l1-1-0.dll
0x00000240a6670000 - 0x00000240a6674000 	C:\Users\Administrator\.openjfx\cache\17.0.1\api-ms-win-core-file-l1-1-0.dll
0x00000240a6680000 - 0x00000240a6683000 	C:\Users\Administrator\.openjfx\cache\17.0.1\api-ms-win-core-file-l1-2-0.dll
0x00000240a6690000 - 0x00000240a6693000 	C:\Users\Administrator\.openjfx\cache\17.0.1\api-ms-win-core-file-l2-1-0.dll
0x00000240a66a0000 - 0x00000240a66a3000 	C:\Users\Administrator\.openjfx\cache\17.0.1\api-ms-win-core-handle-l1-1-0.dll
0x00000240a66b0000 - 0x00000240a66b3000 	C:\Users\Administrator\.openjfx\cache\17.0.1\api-ms-win-core-heap-l1-1-0.dll
0x00000240a66c0000 - 0x00000240a66c3000 	C:\Users\Administrator\.openjfx\cache\17.0.1\api-ms-win-core-interlocked-l1-1-0.dll
0x00000240a66d0000 - 0x00000240a66d3000 	C:\Users\Administrator\.openjfx\cache\17.0.1\api-ms-win-core-libraryloader-l1-1-0.dll
0x00000240a66e0000 - 0x00000240a66e3000 	C:\Users\Administrator\.openjfx\cache\17.0.1\api-ms-win-core-localization-l1-2-0.dll
0x00000240a66f0000 - 0x00000240a66f3000 	C:\Users\Administrator\.openjfx\cache\17.0.1\api-ms-win-core-memory-l1-1-0.dll
0x00000240a6700000 - 0x00000240a6703000 	C:\Users\Administrator\.openjfx\cache\17.0.1\api-ms-win-core-namedpipe-l1-1-0.dll
0x00000240c3f40000 - 0x00000240c3f43000 	C:\Users\Administrator\.openjfx\cache\17.0.1\api-ms-win-core-processenvironment-l1-1-0.dll
0x00000240c3f50000 - 0x00000240c3f53000 	C:\Users\Administrator\.openjfx\cache\17.0.1\api-ms-win-core-processthreads-l1-1-0.dll
0x00000240c3f60000 - 0x00000240c3f63000 	C:\Users\Administrator\.openjfx\cache\17.0.1\api-ms-win-core-processthreads-l1-1-1.dll
0x00000240c3f70000 - 0x00000240c3f73000 	C:\Users\Administrator\.openjfx\cache\17.0.1\api-ms-win-core-profile-l1-1-0.dll
0x00000240c3f80000 - 0x00000240c3f83000 	C:\Users\Administrator\.openjfx\cache\17.0.1\api-ms-win-core-rtlsupport-l1-1-0.dll
0x00000240c3f90000 - 0x00000240c3f93000 	C:\Users\Administrator\.openjfx\cache\17.0.1\api-ms-win-core-string-l1-1-0.dll
0x00000240c3fa0000 - 0x00000240c3fa3000 	C:\Users\Administrator\.openjfx\cache\17.0.1\api-ms-win-core-synch-l1-1-0.dll
0x00000240c3fb0000 - 0x00000240c3fb3000 	C:\Users\Administrator\.openjfx\cache\17.0.1\api-ms-win-core-synch-l1-2-0.dll
0x00000240c3fc0000 - 0x00000240c3fc3000 	C:\Users\Administrator\.openjfx\cache\17.0.1\api-ms-win-core-sysinfo-l1-1-0.dll
0x00000240c3fd0000 - 0x00000240c3fd3000 	C:\Users\Administrator\.openjfx\cache\17.0.1\api-ms-win-core-timezone-l1-1-0.dll
0x00000240c3fe0000 - 0x00000240c3fe3000 	C:\Users\Administrator\.openjfx\cache\17.0.1\api-ms-win-core-util-l1-1-0.dll
0x00000240c3ff0000 - 0x00000240c3ff3000 	C:\Users\Administrator\.openjfx\cache\17.0.1\api-ms-win-crt-conio-l1-1-0.dll
0x00000240c64d0000 - 0x00000240c64d4000 	C:\Users\Administrator\.openjfx\cache\17.0.1\api-ms-win-crt-convert-l1-1-0.dll
0x00000240c64e0000 - 0x00000240c64e3000 	C:\Users\Administrator\.openjfx\cache\17.0.1\api-ms-win-crt-environment-l1-1-0.dll
0x00000240c64f0000 - 0x00000240c64f3000 	C:\Users\Administrator\.openjfx\cache\17.0.1\api-ms-win-crt-filesystem-l1-1-0.dll
0x00000240c6500000 - 0x00000240c6503000 	C:\Users\Administrator\.openjfx\cache\17.0.1\api-ms-win-crt-heap-l1-1-0.dll
0x00000240c6510000 - 0x00000240c6513000 	C:\Users\Administrator\.openjfx\cache\17.0.1\api-ms-win-crt-locale-l1-1-0.dll
0x00000240c6520000 - 0x00000240c6525000 	C:\Users\Administrator\.openjfx\cache\17.0.1\api-ms-win-crt-math-l1-1-0.dll
0x00000240c6530000 - 0x00000240c6535000 	C:\Users\Administrator\.openjfx\cache\17.0.1\api-ms-win-crt-multibyte-l1-1-0.dll
0x00000240c6540000 - 0x00000240c6550000 	C:\Users\Administrator\.openjfx\cache\17.0.1\api-ms-win-crt-private-l1-1-0.dll
0x00000240c6550000 - 0x00000240c6553000 	C:\Users\Administrator\.openjfx\cache\17.0.1\api-ms-win-crt-process-l1-1-0.dll
0x00000240c6560000 - 0x00000240c6564000 	C:\Users\Administrator\.openjfx\cache\17.0.1\api-ms-win-crt-runtime-l1-1-0.dll
0x00000240c6570000 - 0x00000240c6574000 	C:\Users\Administrator\.openjfx\cache\17.0.1\api-ms-win-crt-stdio-l1-1-0.dll
0x00000240c6580000 - 0x00000240c6584000 	C:\Users\Administrator\.openjfx\cache\17.0.1\api-ms-win-crt-string-l1-1-0.dll
0x00000240c6590000 - 0x00000240c6593000 	C:\Users\Administrator\.openjfx\cache\17.0.1\api-ms-win-crt-time-l1-1-0.dll
0x00000240c65a0000 - 0x00000240c65a3000 	C:\Users\Administrator\.openjfx\cache\17.0.1\api-ms-win-crt-utility-l1-1-0.dll
0x00007ffc32600000 - 0x00007ffc326fc000 	C:\Users\Administrator\.openjfx\cache\17.0.1\ucrtbase.dll
0x00007ffc625b0000 - 0x00007ffc625ca000 	C:\Users\Administrator\.openjfx\cache\17.0.1\vcruntime140.dll
0x00007ffc66500000 - 0x00007ffc6650c000 	C:\Users\Administrator\.openjfx\cache\17.0.1\vcruntime140_1.dll
0x00007ffc54030000 - 0x00007ffc540bd000 	C:\Users\Administrator\.openjfx\cache\17.0.1\msvcp140.dll
0x00007ffc553a0000 - 0x00007ffc553ca000 	C:\Users\Administrator\.openjfx\cache\17.0.1\prism_d3d.dll
0x00007ffc32b10000 - 0x00007ffc32cdf000 	C:\WINDOWS\system32\d3d9.dll
0x00007ffc71a00000 - 0x00007ffc71a2f000 	C:\WINDOWS\SYSTEM32\dwmapi.dll
0x00007ffc71710000 - 0x00007ffc717ae000 	C:\WINDOWS\system32\uxtheme.dll
0x00007ffc311e0000 - 0x00007ffc31382000 	C:\WINDOWS\System32\DriverStore\FileRepository\iigd_dch.inf_amd64_1dc9fc8d5e442f6a\igdumdim64.dll
0x00007ffc76470000 - 0x00007ffc7659a000 	C:\WINDOWS\System32\ole32.dll
0x00007ffc22380000 - 0x00007ffc25f90000 	C:\WINDOWS\System32\DriverStore\FileRepository\iigd_dch.inf_amd64_1dc9fc8d5e442f6a\igd9dxva64.dll
0x00007ffc75660000 - 0x00007ffc7572d000 	C:\WINDOWS\System32\OLEAUT32.dll
0x00007ffc75ff0000 - 0x00007ffc7645a000 	C:\WINDOWS\System32\SETUPAPI.dll
0x00007ffc744c0000 - 0x00007ffc7450e000 	C:\WINDOWS\System32\cfgmgr32.dll
0x00007ffc73e70000 - 0x00007ffc73e97000 	C:\WINDOWS\System32\bcrypt.dll
0x00007ffc5da80000 - 0x00007ffc5de47000 	C:\WINDOWS\System32\DriverStore\FileRepository\iigd_dch.inf_amd64_1dc9fc8d5e442f6a\igdgmm64.dll
0x00007ffc552d0000 - 0x00007ffc55312000 	C:\Users\Administrator\.openjfx\cache\17.0.1\glass.dll
0x00007ffc75580000 - 0x00007ffc7565b000 	C:\WINDOWS\System32\COMDLG32.dll
0x00007ffc75190000 - 0x00007ffc752a5000 	C:\WINDOWS\System32\MSCTF.dll
0x00007ffc68af0000 - 0x00007ffc68b17000 	C:\WINDOWS\System32\DriverStore\FileRepository\iigd_dch.inf_amd64_1dc9fc8d5e442f6a\igdinfo64.dll
0x00007ffc58890000 - 0x00007ffc5be42000 	C:\WINDOWS\System32\DriverStore\FileRepository\iigd_dch.inf_amd64_1dc9fc8d5e442f6a\igc64.dll
0x00007ffc67f70000 - 0x00007ffc67fab000 	C:\WINDOWS\SYSTEM32\dxcore.dll
0x00007ffc55380000 - 0x00007ffc55394000 	C:\Users\Administrator\.openjfx\cache\17.0.1\javafx_font.dll
0x00007ffc69020000 - 0x00007ffc6929f000 	C:\WINDOWS\SYSTEM32\dwrite.dll
0x00007ffc749f0000 - 0x00007ffc74a99000 	C:\WINDOWS\System32\clbcatq.dll
0x00007ffc681b0000 - 0x00007ffc68364000 	C:\WINDOWS\SYSTEM32\WindowsCodecs.dll
0x00007ffc55690000 - 0x00007ffc556ce000 	C:\WINDOWS\system32\dataexchange.dll
0x00007ffc6f6d0000 - 0x00007ffc6f934000 	C:\WINDOWS\system32\d3d11.dll
0x00007ffc70ba0000 - 0x00007ffc70d85000 	C:\WINDOWS\system32\dcomp.dll
0x00007ffc72760000 - 0x00007ffc72853000 	C:\WINDOWS\system32\dxgi.dll
0x00007ffc6d1b0000 - 0x00007ffc6d3b1000 	C:\WINDOWS\system32\twinapi.appcore.dll
0x00007ffc53ff0000 - 0x00007ffc54024000 	C:\Program Files\Common Files\Microsoft Shared\Ink\rtscom.dll
0x00007ffc6be10000 - 0x00007ffc6bf09000 	C:\WINDOWS\SYSTEM32\textinputframework.dll
0x00007ffc70dc0000 - 0x00007ffc7111e000 	C:\WINDOWS\System32\CoreUIComponents.dll
0x00007ffc71120000 - 0x00007ffc71212000 	C:\WINDOWS\System32\CoreMessaging.dll
0x00007ffc70a40000 - 0x00007ffc70b94000 	C:\WINDOWS\SYSTEM32\wintypes.dll
0x00007ffc72a00000 - 0x00007ffc72a33000 	C:\WINDOWS\SYSTEM32\ntmarta.dll
0x00007ffc73990000 - 0x00007ffc739a8000 	C:\WINDOWS\SYSTEM32\CRYPTSP.dll
0x00007ffc72d70000 - 0x00007ffc72da4000 	C:\WINDOWS\system32\rsaenh.dll
0x00007ffc73c30000 - 0x00007ffc73c5e000 	C:\WINDOWS\SYSTEM32\USERENV.dll

dbghelp: loaded successfully - version: 4.0.5 - missing functions: none
symbol engine: initialized successfully - sym options: 0x614 - pdb path: .;C:\Program Files\Java\jdk-17.0.1\bin;C:\WINDOWS\SYSTEM32;C:\WINDOWS\WinSxS\amd64_microsoft.windows.common-controls_6595b64144ccf1df_6.0.19041.1110_none_60b5254171f9507e;C:\Program Files\Java\jdk-17.0.1\bin\server;C:\Program Files\JetBrains\IntelliJ IDEA Community Edition 2021.3\bin;C:\Users\Administrator\.openjfx\cache\17.0.1;C:\WINDOWS\System32\DriverStore\FileRepository\iigd_dch.inf_amd64_1dc9fc8d5e442f6a;C:\Program Files\Common Files\Microsoft Shared\Ink;C:\Users\Administrator\AppData\Local\Temp

VM Arguments:
jvm_args: -javaagent:C:\Program Files\JetBrains\IntelliJ IDEA Community Edition 2021.3\lib\idea_rt.jar=5010:C:\Program Files\JetBrains\IntelliJ IDEA Community Edition 2021.3\bin -Dfile.encoding=UTF-8 --module-path=C:\Users\Administrator\.m2\repository\org\controlsfx\controlsfx\11.1.1\controlsfx-11.1.1.jar;C:\Users\Administrator\.m2\repository\org\openjfx\javafx-fxml\17.0.1\javafx-fxml-17.0.1-win.jar;C:\Users\Administrator\.m2\repository\org\openjfx\javafx-graphics\17.0.1\javafx-graphics-17.0.1-win.jar;D:\softwareDev\iDebug\target\classes;C:\Users\Administrator\.m2\repository\org\openjfx\javafx-controls\17.0.1\javafx-controls-17.0.1-win.jar;C:\Users\Administrator\.m2\repository\com\google\code\gson\gson\2.9.0\gson-2.9.0.jar;C:\Users\Administrator\.m2\repository\org\kordamp\bootstrapfx\bootstrapfx-core\0.4.0\bootstrapfx-core-0.4.0.jar;C:\Users\Administrator\.m2\repository\org\openjfx\javafx-base\17.0.1\javafx-base-17.0.1-win.jar -Djdk.module.main=com.iDebug.pickloose 
java_command: com.iDebug.pickloose/com.iDebug.pickloose.Application
java_class_path (initial): C:\Users\Administrator\.m2\repository\org\openjfx\javafx-controls\17.0.1\javafx-controls-17.0.1.jar;C:\Users\Administrator\.m2\repository\org\openjfx\javafx-graphics\17.0.1\javafx-graphics-17.0.1.jar;C:\Users\Administrator\.m2\repository\org\openjfx\javafx-base\17.0.1\javafx-base-17.0.1.jar;C:\Users\Administrator\.m2\repository\org\openjfx\javafx-fxml\17.0.1\javafx-fxml-17.0.1.jar;C:\Users\Administrator\.m2\repository\org\xerial\sqlite-jdbc\3.36.0.3\sqlite-jdbc-3.36.0.3.jar;C:\Users\Administrator\.m2\repository\org\kordamp\ikonli\ikonli-javafx\12.2.0\ikonli-javafx-12.2.0.jar;C:\Users\Administrator\.m2\repository\org\kordamp\ikonli\ikonli-core\12.2.0\ikonli-core-12.2.0.jar
Launcher Type: SUN_STANDARD

[Global flags]
     intx CICompilerCount                          = 3                                         {product} {ergonomic}
     uint ConcGCThreads                            = 1                                         {product} {ergonomic}
     uint G1ConcRefinementThreads                  = 4                                         {product} {ergonomic}
   size_t G1HeapRegionSize                         = 1048576                                   {product} {ergonomic}
    uintx GCDrainStackTargetSize                   = 64                                        {product} {ergonomic}
   size_t InitialHeapSize                          = 132120576                                 {product} {ergonomic}
   size_t MarkStackSize                            = 4194304                                   {product} {ergonomic}
   size_t MaxHeapSize                              = 2113929216                                {product} {ergonomic}
   size_t MaxNewSize                               = 1267728384                                {product} {ergonomic}
   size_t MinHeapDeltaBytes                        = 1048576                                   {product} {ergonomic}
   size_t MinHeapSize                              = 8388608                                   {product} {ergonomic}
    uintx NonNMethodCodeHeapSize                   = 5832780                                {pd product} {ergonomic}
    uintx NonProfiledCodeHeapSize                  = 122912730                              {pd product} {ergonomic}
    uintx ProfiledCodeHeapSize                     = 122912730                              {pd product} {ergonomic}
    uintx ReservedCodeCacheSize                    = 251658240                              {pd product} {ergonomic}
     bool SegmentedCodeCache                       = true                                      {product} {ergonomic}
   size_t SoftMaxHeapSize                          = 2113929216                             {manageable} {ergonomic}
     bool UseCompressedClassPointers               = true                           {product lp64_product} {ergonomic}
     bool UseCompressedOops                        = true                           {product lp64_product} {ergonomic}
     bool UseG1GC                                  = true                                      {product} {ergonomic}
     bool UseLargePagesIndividualAllocation        = false                                  {pd product} {ergonomic}

Logging:
Log output configuration:
 #0: stdout all=warning uptime,level,tags
 #1: stderr all=off uptime,level,tags

Environment Variables:
PATH=C:\Program Files\Common Files\Oracle\Java\javapath;C:\Program Files (x86)\Common Files\Oracle\Java\javapath;C:\WINDOWS\system32;C:\WINDOWS;C:\WINDOWS\System32\Wbem;C:\WINDOWS\System32\WindowsPowerShell\v1.0\;C:\WINDOWS\System32\OpenSSH\;C:\MinGW\bin;C:\Program Files\Git\cmd;C:\Users\Administrator\AppData\Local\Programs\Python\Python310;;C:\Program Files\Docker\Docker\resources\bin;C:\ProgramData\DockerDesktop\version-bin;C:\Users\Administrator\AppData\Local\Microsoft\WindowsApps;;C:\Users\Administrator\AppData\Local\Programs\Microsoft VS Code\bin
USERNAME=nayemislamzr
OS=Windows_NT
PROCESSOR_IDENTIFIER=Intel64 Family 6 Model 142 Stepping 9, GenuineIntel



---------------  S Y S T E M  ---------------

OS:
 Windows 10 , 64 bit Build 19041 (10.0.19041.1645)
OS uptime: 10 days 22:52 hours
Hyper-V role detected

CPU: total 4 (initial active 4) (2 cores per cpu, 2 threads per core) family 6 model 142 stepping 9 microcode 0xb4, cx8, cmov, fxsr, ht, mmx, 3dnowpref, sse, sse2, sse3, ssse3, sse4.1, sse4.2, popcnt, lzcnt, tsc, tscinvbit, avx, avx2, aes, erms, clmul, bmi1, bmi2, adx, fma, vzeroupper, clflush, clflushopt, hv

Memory: 4k page, system-wide physical 8060M (3037M free)
TotalPageFile size 16220M (AvailPageFile size 10398M)
current process WorkingSet (physical memory assigned to process): 291M, peak: 292M
current process commit charge ("private bytes"): 355M, peak: 355M

vm_info: Java HotSpot(TM) 64-Bit Server VM (17.0.1+12-LTS-39) for windows-amd64 JRE (17.0.1+12-LTS-39), built on Sep 27 2021 18:41:35 by "mach5one" with MS VC++ 16.8 (VS2019)

END.
